c:\users\administrator\desktop\hanta\framework\framework\x64\debug\framework.pch
c:\users\administrator\desktop\hanta\framework\framework\x64\debug\vc142.pdb
c:\users\administrator\desktop\hanta\framework\framework\x64\debug\vc142.idb
c:\users\administrator\desktop\hanta\framework\framework\x64\debug\aabbcollider.obj
c:\users\administrator\desktop\hanta\framework\framework\x64\debug\animation.obj
c:\users\administrator\desktop\hanta\framework\framework\x64\debug\animationrenderer.obj
c:\users\administrator\desktop\hanta\framework\framework\x64\debug\audio.obj
c:\users\administrator\desktop\hanta\framework\framework\x64\debug\background.obj
c:\users\administrator\desktop\hanta\framework\framework\x64\debug\bullet.obj
c:\users\administrator\desktop\hanta\framework\framework\x64\debug\bulletmanager.obj
c:\users\administrator\desktop\hanta\framework\framework\x64\debug\circlecollider.obj
c:\users\administrator\desktop\hanta\framework\framework\x64\debug\collider.obj
c:\users\administrator\desktop\hanta\framework\framework\x64\debug\collision.obj
c:\users\administrator\desktop\hanta\framework\framework\x64\debug\component.obj
c:\users\administrator\desktop\hanta\framework\framework\x64\debug\craftbutton.obj
c:\users\administrator\desktop\hanta\framework\framework\x64\debug\crafttable.obj
c:\users\administrator\desktop\hanta\framework\framework\x64\debug\d2dapp.obj
c:\users\administrator\desktop\hanta\framework\framework\x64\debug\enemy.obj
c:\users\administrator\desktop\hanta\framework\framework\x64\debug\enemymanager.obj
c:\users\administrator\desktop\hanta\framework\framework\x64\debug\font.obj
c:\users\administrator\desktop\hanta\framework\framework\x64\debug\fontobject.obj
c:\users\administrator\desktop\hanta\framework\framework\x64\debug\fontrenderer.obj
c:\users\administrator\desktop\hanta\framework\framework\x64\debug\framework.obj
c:\users\administrator\desktop\hanta\framework\framework\x64\debug\gameobject.obj
c:\users\administrator\desktop\hanta\framework\framework\x64\debug\gamescene.obj
c:\users\administrator\desktop\hanta\framework\framework\x64\debug\hpbar.obj
c:\users\administrator\desktop\hanta\framework\framework\x64\debug\imageresize.obj
c:\users\administrator\desktop\hanta\framework\framework\x64\debug\inputmanager.obj
c:\users\administrator\desktop\hanta\framework\framework\x64\debug\jaeumbutton.obj
c:\users\administrator\desktop\hanta\framework\framework\x64\debug\listanimation.obj
c:\users\administrator\desktop\hanta\framework\framework\x64\debug\main.obj
c:\users\administrator\desktop\hanta\framework\framework\x64\debug\maketowerbutton.obj
c:\users\administrator\desktop\hanta\framework\framework\x64\debug\moeumbutton.obj
c:\users\administrator\desktop\hanta\framework\framework\x64\debug\overbutton.obj
c:\users\administrator\desktop\hanta\framework\framework\x64\debug\player.obj
c:\users\administrator\desktop\hanta\framework\framework\x64\debug\playerdata.obj
c:\users\administrator\desktop\hanta\framework\framework\x64\debug\renderer.obj
c:\users\administrator\desktop\hanta\framework\framework\x64\debug\resourcemanager.obj
c:\users\administrator\desktop\hanta\framework\framework\x64\debug\scene.obj
c:\users\administrator\desktop\hanta\framework\framework\x64\debug\sheetanimation.obj
c:\users\administrator\desktop\hanta\framework\framework\x64\debug\soundevent.obj
c:\users\administrator\desktop\hanta\framework\framework\x64\debug\timemanager.obj
c:\users\administrator\desktop\hanta\framework\framework\x64\debug\tower.obj
c:\users\administrator\desktop\hanta\framework\framework\x64\debug\transform.obj
c:\users\administrator\desktop\hanta\framework\framework\x64\debug\wavebutton.obj
c:\users\administrator\desktop\hanta\framework\framework\x64\debug\winapp.obj
c:\users\administrator\desktop\hanta\framework\framework\x64\debug\wordbutton.obj
c:\users\administrator\desktop\hanta\framework\framework\x64\debug\framework.tlog\cl.command.1.tlog
c:\users\administrator\desktop\hanta\framework\framework\x64\debug\framework.tlog\cl.read.1.tlog
c:\users\administrator\desktop\hanta\framework\framework\x64\debug\framework.tlog\cl.write.1.tlog
