  Bullet.cpp
  BulletManager.cpp
  Button.cpp
c:\users\administrator\desktop\project\hanta\framework\framework\button.cpp(11): warning C4244: '인수': 'int'에서 'float'(으)로 변환하면서 데이터가 손실될 수 있습니다.
c:\users\administrator\desktop\project\hanta\framework\framework\button.cpp(24): warning C4244: '인수': 'int'에서 'float'(으)로 변환하면서 데이터가 손실될 수 있습니다.
c:\users\administrator\desktop\project\hanta\framework\framework\button.cpp(30): warning C4244: '인수': 'int'에서 'float'(으)로 변환하면서 데이터가 손실될 수 있습니다.
c:\users\administrator\desktop\project\hanta\framework\framework\button.cpp(34): warning C4244: '인수': 'int'에서 'float'(으)로 변환하면서 데이터가 손실될 수 있습니다.
c:\users\administrator\desktop\project\hanta\framework\framework\button.cpp(35): warning C4244: '인수': 'int'에서 'float'(으)로 변환하면서 데이터가 손실될 수 있습니다.
c:\users\administrator\desktop\project\hanta\framework\framework\button.cpp(37): warning C4244: '인수': 'double'에서 'int'(으)로 변환하면서 데이터가 손실될 수 있습니다.
  CraftButton.cpp
c:\users\administrator\desktop\project\hanta\framework\framework\craftbutton.cpp(8): warning C4244: '인수': 'int'에서 'float'(으)로 변환하면서 데이터가 손실될 수 있습니다.
  CraftTable.cpp
c:\users\administrator\desktop\project\hanta\framework\framework\crafttable.cpp(144): warning C4267: '초기화 중': 'size_t'에서 'int'(으)로 변환하면서 데이터가 손실될 수 있습니다.
c:\users\administrator\desktop\project\hanta\framework\framework\crafttable.cpp(146): warning C4267: '인수': 'size_t'에서 'int'(으)로 변환하면서 데이터가 손실될 수 있습니다.
c:\users\administrator\desktop\project\hanta\framework\framework\crafttable.cpp(172): warning C4267: '초기화 중': 'size_t'에서 'int'(으)로 변환하면서 데이터가 손실될 수 있습니다.
c:\users\administrator\desktop\project\hanta\framework\framework\crafttable.cpp(174): warning C4267: '인수': 'size_t'에서 'int'(으)로 변환하면서 데이터가 손실될 수 있습니다.
  Enemy.cpp
c:\users\administrator\desktop\project\hanta\framework\framework\enemy.cpp(6): warning C4244: '초기화 중': 'int'에서 'float'(으)로 변환하면서 데이터가 손실될 수 있습니다.
c:\users\administrator\desktop\project\hanta\framework\framework\enemy.cpp(6): warning C4244: '인수': 'int'에서 'float'(으)로 변환하면서 데이터가 손실될 수 있습니다.
  EnemyManager.cpp
  GameScene.cpp
c:\users\administrator\desktop\project\hanta\framework\framework\gamescene.cpp(15): warning C4244: '인수': 'int'에서 'float'(으)로 변환하면서 데이터가 손실될 수 있습니다.
c:\users\administrator\desktop\project\hanta\framework\framework\gamescene.cpp(19): warning C4244: '인수': 'int'에서 'float'(으)로 변환하면서 데이터가 손실될 수 있습니다.
  JaeumButton.cpp
c:\users\administrator\desktop\project\hanta\framework\framework\jaeumbutton.cpp(8): warning C4244: '인수': 'int'에서 'float'(으)로 변환하면서 데이터가 손실될 수 있습니다.
  MoeumButton.cpp
c:\users\administrator\desktop\project\hanta\framework\framework\moeumbutton.cpp(8): warning C4244: '인수': 'int'에서 'float'(으)로 변환하면서 데이터가 손실될 수 있습니다.
  Player.cpp
  PlayerData.cpp
c:\users\administrator\desktop\project\hanta\framework\framework\playerdata.cpp(19): warning C4267: '=': 'size_t'에서 'int'(으)로 변환하면서 데이터가 손실될 수 있습니다.
c:\users\administrator\desktop\project\hanta\framework\framework\playerdata.cpp(20): warning C4267: '=': 'size_t'에서 'int'(으)로 변환하면서 데이터가 손실될 수 있습니다.
c:\users\administrator\desktop\project\hanta\framework\framework\playerdata.cpp(21): warning C4267: '=': 'size_t'에서 'int'(으)로 변환하면서 데이터가 손실될 수 있습니다.
  Tower.cpp
c:\users\administrator\desktop\project\hanta\framework\framework\tower.cpp(15): warning C4244: '인수': 'int'에서 'float'(으)로 변환하면서 데이터가 손실될 수 있습니다.
c:\users\administrator\desktop\project\hanta\framework\framework\tower.cpp(41): warning C4244: '인수': 'double'에서 'int'(으)로 변환하면서 데이터가 손실될 수 있습니다.
c:\users\administrator\desktop\project\hanta\framework\framework\tower.cpp(53): warning C4267: '초기화 중': 'size_t'에서 'int'(으)로 변환하면서 데이터가 손실될 수 있습니다.
c:\users\administrator\desktop\project\hanta\framework\framework\tower.cpp(70): warning C4244: '인수': 'int'에서 'float'(으)로 변환하면서 데이터가 손실될 수 있습니다.
  WaveButton.cpp
c:\users\administrator\desktop\project\hanta\framework\framework\wavebutton.cpp(8): warning C4244: '인수': 'int'에서 'float'(으)로 변환하면서 데이터가 손실될 수 있습니다.
  main.cpp
  Framework.vcxproj -> C:\Users\Administrator\Desktop\project\hanta\Framework\x64\Debug\Framework.exe
